<?xml version="1.0" encoding="UTF-8"?>
<!-- Generated by org.testng.reporters.JUnitXMLReporter -->
<testsuite hostname="TQ-G1010333" name="test" tests="1" failures="1" timestamp="10 Aug 2018 14:08:54 GMT" time="25.533" errors="0">
  <testcase name="test" time="25.512" classname="pri.hmj.TestngSpringIntegration.AppTest">
    <failure type="java.lang.AssertionError" message="expected [true] but found [false]">
      <![CDATA[java.lang.AssertionError: expected [true] but found [false]
	at pri.hmj.TestngSpringIntegration.AppTest.test(AppTest.java:51)
... Removed 32 stack frames]]>
    </failure>
  </testcase> <!-- test -->
</testsuite> <!-- test -->
