<?xml version="1.0" encoding="UTF-8"?>
<!-- Generated by org.testng.reporters.JUnitXMLReporter -->
<testsuite hostname="TQ-G1010333" name="test" tests="1" failures="1" timestamp="27 Jul 2018 06:24:14 GMT" time="11.865" errors="0">
  <testcase name="test" time="11.837" classname="pri.hmj.TestngSpringIntegration.AppTest">
    <failure type="java.lang.AssertionError" message="expected [true] but found [false]">
      <![CDATA[java.lang.AssertionError: expected [true] but found [false]
	at pri.hmj.TestngSpringIntegration.AppTest.test(AppTest.java:50)
... Removed 32 stack frames]]>
    </failure>
  </testcase> <!-- test -->
</testsuite> <!-- test -->
