<?xml version="1.0" encoding="UTF-8"?>
<testng-results skipped="0" failed="0" total="1" passed="1">
  <reporter-output>
    <line>
      <![CDATA[开始]]>
    </line>
    <line>
      <![CDATA[开始2]]>
    </line>
  </reporter-output>
  <suite name="Suite" duration-ms="12976" started-at="2018-08-13T14:11:09Z" finished-at="2018-08-13T14:11:22Z">
    <groups>
    </groups>
    <test name="test" duration-ms="12976" started-at="2018-08-13T14:11:09Z" finished-at="2018-08-13T14:11:22Z">
      <class name="pri.hmj.TestngSpringIntegration.AppTest">
        <test-method status="PASS" signature="test()[pri:0, instance:pri.hmj.TestngSpringIntegration.AppTest@4fe3c938]" name="test" duration-ms="12968" started-at="2018-08-13T22:11:09Z" finished-at="2018-08-13T22:11:22Z">
          <reporter-output>
            <line>
              <![CDATA[开始]]>
            </line>
            <line>
              <![CDATA[开始2]]>
            </line>
          </reporter-output>
        </test-method> <!-- test -->
      </class> <!-- pri.hmj.TestngSpringIntegration.AppTest -->
    </test> <!-- test -->
  </suite> <!-- Suite -->
</testng-results>
